<?xml version="1.0" encoding="UTF-8"?>
<Site BuildName="Linux-c++"
	BuildStamp="20240530-0408-Experimental"
	Name="DESKTOP-NUF056F"
	Generator="ctest-3.22.1"
	CompilerName="/usr/bin/c++"
	CompilerVersion="11.4.0"
	OSName="Linux"
	Hostname="DESKTOP-NUF056F"
	OSRelease="5.15.146.1-microsoft-standard-WSL2"
	OSVersion="#1 SMP Thu Jan 11 04:09:03 UTC 2024"
	OSPlatform="x86_64"
	Is64Bits="1"
	VendorString="AuthenticAMD"
	VendorID="Advanced Micro Devices"
	FamilyID="25"
	ModelID="97"
	ProcessorCacheSize="1024"
	NumberOfLogicalCPU="16"
	NumberOfPhysicalCPU="8"
	TotalVirtualMemory="4096"
	TotalPhysicalMemory="15564"
	LogicalProcessorsPerPhysical="2"
	ProcessorClockFrequency="3792.79"
	>
	<Testing>
		<StartDateTime>May 30 12:10 CST</StartDateTime>
		<StartTestTime>1717042231</StartTestTime>
		<TestList/>
		<EndDateTime>May 30 12:10 CST</EndDateTime>
		<EndTestTime>1717042231</EndTestTime>
		<ElapsedMinutes>0</ElapsedMinutes>
	</Testing>
</Site>
