<?xml version="1.0" encoding="UTF-8"?>
<Site BuildName="Linux-g++"
	BuildStamp="20240430-0256-Experimental"
	Name="RedmiBook"
	Generator="ctest-3.22.1"
	CompilerName="/usr/bin/g++"
	CompilerVersion="11.4.0"
	OSName="Linux"
	Hostname="RedmiBook"
	OSRelease="6.5.0-28-generic"
	OSVersion="#29~22.04.1-Ubuntu SMP PREEMPT_DYNAMIC Thu Apr  4 14:39:20 UTC 2"
	OSPlatform="x86_64"
	Is64Bits="1"
	VendorString="AuthenticAMD"
	VendorID="Advanced Micro Devices"
	FamilyID="25"
	ModelID="68"
	ProcessorCacheSize="512"
	NumberOfLogicalCPU="12"
	NumberOfPhysicalCPU="6"
	TotalVirtualMemory="2047"
	TotalPhysicalMemory="15161"
	LogicalProcessorsPerPhysical="2"
	ProcessorClockFrequency="2214.85"
	>
	<Testing>
		<StartDateTime>Apr 30 11:12 CST</StartDateTime>
		<StartTestTime>1714446761</StartTestTime>
		<TestList/>
		<EndDateTime>Apr 30 11:12 CST</EndDateTime>
		<EndTestTime>1714446761</EndTestTime>
		<ElapsedMinutes>0</ElapsedMinutes>
	</Testing>
</Site>
